<?xml version="1.0" encoding="UTF-8"?>
<testng-results ignored="0" total="2" passed="2" failed="0" skipped="0">
  <reporter-output>
  </reporter-output>
  <suite started-at="2023-02-22T18:24:18 EST" name="Suite" finished-at="2023-02-22T18:24:48 EST" duration-ms="30284">
    <groups>
      <group name="cucumber">
        <method signature="AbstractTestNGCucumberTests.runScenario(io.cucumber.testng.PickleWrapper,io.cucumber.testng.FeatureWrapper)[pri:0, instance:runner.Runner@76b1e9b8]" name="runScenario" class="io.cucumber.testng.AbstractTestNGCucumberTests"/>
      </group> <!-- cucumber -->
    </groups>
    <test started-at="2023-02-22T18:24:18 EST" name="Test" finished-at="2023-02-22T18:24:48 EST" duration-ms="30284">
      <class name="runner.Runner">
        <test-method is-config="true" signature="setUpClass(org.testng.ITestContext)[pri:0, instance:runner.Runner@76b1e9b8]" started-at="2023-02-22T18:24:18 EST" name="setUpClass" finished-at="2023-02-22T18:24:18 EST" duration-ms="480" status="PASS">
          <params>
            <param index="0">
              <value>
                <![CDATA[org.testng.TestRunner@249b54af]]>
              </value>
            </param>
          </params>
          <reporter-output>
          </reporter-output>
        </test-method> <!-- setUpClass -->
        <test-method signature="runScenario(io.cucumber.testng.PickleWrapper,io.cucumber.testng.FeatureWrapper)[pri:0, instance:runner.Runner@76b1e9b8]" started-at="2023-02-22T18:24:18 EST" name="runScenario" description="Runs Cucumber Scenarios" data-provider="scenarios" finished-at="2023-02-22T18:24:28 EST" duration-ms="10077" status="PASS">
          <params>
            <param index="0">
              <value>
                <![CDATA["Entire flow of SauceDemo with DDT"]]>
              </value>
            </param>
            <param index="1">
              <value>
                <![CDATA["SauceDemo BDD DDT"]]>
              </value>
            </param>
          </params>
          <reporter-output>
          </reporter-output>
        </test-method> <!-- runScenario -->
        <test-method signature="runScenario(io.cucumber.testng.PickleWrapper,io.cucumber.testng.FeatureWrapper)[pri:0, instance:runner.Runner@76b1e9b8]" started-at="2023-02-22T18:24:28 EST" name="runScenario" description="Runs Cucumber Scenarios" data-provider="scenarios" finished-at="2023-02-22T18:24:46 EST" duration-ms="18164" status="PASS">
          <params>
            <param index="0">
              <value>
                <![CDATA["Entire flow of SauceDemo with DDT"]]>
              </value>
            </param>
            <param index="1">
              <value>
                <![CDATA["SauceDemo BDD DDT"]]>
              </value>
            </param>
          </params>
          <reporter-output>
          </reporter-output>
        </test-method> <!-- runScenario -->
        <test-method is-config="true" signature="tearDownClass()[pri:0, instance:runner.Runner@76b1e9b8]" started-at="2023-02-22T18:24:46 EST" name="tearDownClass" finished-at="2023-02-22T18:24:48 EST" duration-ms="1521" status="PASS">
          <reporter-output>
          </reporter-output>
        </test-method> <!-- tearDownClass -->
      </class> <!-- runner.Runner -->
    </test> <!-- Test -->
  </suite> <!-- Suite -->
</testng-results>
