<?xml version="1.0" encoding="UTF-8"?>
<testng-results ignored="0" total="2" passed="2" failed="0" skipped="0">
  <reporter-output>
  </reporter-output>
  <suite started-at="2023-02-22T17:02:03 EST" name="Default suite" finished-at="2023-02-22T17:02:34 EST" duration-ms="31441">
    <groups>
      <group name="cucumber">
        <method signature="AbstractTestNGCucumberTests.runScenario(io.cucumber.testng.PickleWrapper,io.cucumber.testng.FeatureWrapper)[pri:0, instance:runner.Runner@7bba5817]" name="runScenario" class="io.cucumber.testng.AbstractTestNGCucumberTests"/>
      </group> <!-- cucumber -->
    </groups>
    <test started-at="2023-02-22T17:02:03 EST" name="Default test" finished-at="2023-02-22T17:02:34 EST" duration-ms="31441">
      <class name="runner.Runner">
        <test-method is-config="true" signature="setUpClass(org.testng.ITestContext)[pri:0, instance:runner.Runner@7bba5817]" started-at="2023-02-22T17:02:03 EST" name="setUpClass" finished-at="2023-02-22T17:02:04 EST" duration-ms="606" status="PASS">
          <params>
            <param index="0">
              <value>
                <![CDATA[org.testng.TestRunner@39374689]]>
              </value>
            </param>
          </params>
          <reporter-output>
          </reporter-output>
        </test-method> <!-- setUpClass -->
        <test-method signature="runScenario(io.cucumber.testng.PickleWrapper,io.cucumber.testng.FeatureWrapper)[pri:0, instance:runner.Runner@7bba5817]" started-at="2023-02-22T17:02:04 EST" name="runScenario" description="Runs Cucumber Scenarios" data-provider="scenarios" finished-at="2023-02-22T17:02:14 EST" duration-ms="10646" status="PASS">
          <params>
            <param index="0">
              <value>
                <![CDATA["Entire flow of SauceDemo with DDT"]]>
              </value>
            </param>
            <param index="1">
              <value>
                <![CDATA["SauceDemo BDD DDT"]]>
              </value>
            </param>
          </params>
          <reporter-output>
          </reporter-output>
        </test-method> <!-- runScenario -->
        <test-method signature="runScenario(io.cucumber.testng.PickleWrapper,io.cucumber.testng.FeatureWrapper)[pri:0, instance:runner.Runner@7bba5817]" started-at="2023-02-22T17:02:14 EST" name="runScenario" description="Runs Cucumber Scenarios" data-provider="scenarios" finished-at="2023-02-22T17:02:33 EST" duration-ms="18708" status="PASS">
          <params>
            <param index="0">
              <value>
                <![CDATA["Entire flow of SauceDemo with DDT"]]>
              </value>
            </param>
            <param index="1">
              <value>
                <![CDATA["SauceDemo BDD DDT"]]>
              </value>
            </param>
          </params>
          <reporter-output>
          </reporter-output>
        </test-method> <!-- runScenario -->
        <test-method is-config="true" signature="tearDownClass()[pri:0, instance:runner.Runner@7bba5817]" started-at="2023-02-22T17:02:33 EST" name="tearDownClass" finished-at="2023-02-22T17:02:34 EST" duration-ms="1427" status="PASS">
          <reporter-output>
          </reporter-output>
        </test-method> <!-- tearDownClass -->
      </class> <!-- runner.Runner -->
    </test> <!-- Default test -->
  </suite> <!-- Default suite -->
</testng-results>
